c:\users\michal\documents\github\train-city\train city\debug\train city.pch
c:\users\michal\documents\github\train-city\train city\debug\vc120.pdb
c:\users\michal\documents\github\train-city\train city\debug\vc120.idb
c:\users\michal\documents\github\train-city\train city\debug\stdafx.obj
c:\users\michal\documents\github\train-city\train city\debug\city.obj
c:\users\michal\documents\github\train-city\train city\debug\cityinfo.obj
c:\users\michal\documents\github\train-city\train city\debug\gameerror.obj
c:\users\michal\documents\github\train-city\train city\debug\gameobject.obj
c:\users\michal\documents\github\train-city\train city\debug\graphicdevice.obj
c:\users\michal\documents\github\train-city\train city\debug\main.obj
c:\users\michal\documents\github\train-city\train city\debug\map.obj
c:\users\michal\documents\github\train-city\train city\debug\mouse.obj
c:\users\michal\documents\github\train-city\train city\debug\product.obj
c:\users\michal\documents\github\train-city\train city\debug\textures.obj
c:\users\michal\documents\github\train-city\train city\debug\time.obj
c:\users\michal\documents\github\train-city\train city\debug\vector2.obj
c:\users\michal\documents\github\train-city\debug\train city.ilk
c:\users\michal\documents\github\train-city\debug\train city.exe
c:\users\michal\documents\github\train-city\debug\train city.pdb
c:\users\michal\documents\github\train-city\train city\debug\train city.tlog\cl.command.1.tlog
c:\users\michal\documents\github\train-city\train city\debug\train city.tlog\cl.read.1.tlog
c:\users\michal\documents\github\train-city\train city\debug\train city.tlog\cl.write.1.tlog
c:\users\michal\documents\github\train-city\train city\debug\train city.tlog\link.command.1.tlog
c:\users\michal\documents\github\train-city\train city\debug\train city.tlog\link.read.1.tlog
c:\users\michal\documents\github\train-city\train city\debug\train city.tlog\link.write.1.tlog
