Build started 2014-08-21 17:54:44.
     1>Project "C:\Users\Michal\Documents\GitHub\Train-City\Train City\Train City.vcxproj" on node 2 (Build target(s)).
     1>ClCompile:
         C:\Program Files (x86)\Microsoft Visual Studio 10.0\VC\bin\CL.exe /c /Zi /nologo /W3 /WX- /Od /Oy- /D _UNICODE /D UNICODE /Gm /EHsc /RTC1 /MD /GS /fp:precise /Zc:wchar_t /Zc:forScope /Yc"StdAfx.h" /Fp"Debug\Train City.pch" /Fo"Debug\\" /Fd"Debug\vc100.pdb" /Gd /TP /analyze- /errorReport:prompt City.cpp CityInfo.cpp Delay.cpp GameError.cpp GameObject.cpp GraphicDevice.cpp Interface.cpp Map.cpp MapElement.cpp Mouse.cpp Player.cpp Product.cpp ProductsManager.cpp Textures.cpp Time.cpp Vector2.cpp main.cpp stdafx.cpp
         stdafx.cpp
         main.cpp
         Vector2.cpp
         Time.cpp
         Textures.cpp
     1>Textures.cpp(110): warning C4554: '&' : check operator precedence for possible error; use parentheses to clarify precedence
         ProductsManager.cpp
         Product.cpp
         Player.cpp
         Mouse.cpp
         MapElement.cpp
         Map.cpp
         Interface.cpp
         GraphicDevice.cpp
         GameObject.cpp
         GameError.cpp
         Delay.cpp
         CityInfo.cpp
         City.cpp
       Link:
         C:\Program Files (x86)\Microsoft Visual Studio 10.0\VC\bin\link.exe /ERRORREPORT:PROMPT /OUT:"C:\Users\Michal\Documents\GitHub\Train-City\Debug\Train City.exe" /NOLOGO SDL2.lib SDL2main.lib SDL2test.lib SDL2_ttf.lib SDL2_image.lib kernel32.lib user32.lib gdi32.lib winspool.lib comdlg32.lib advapi32.lib shell32.lib ole32.lib oleaut32.lib uuid.lib odbc32.lib odbccp32.lib /MANIFEST /ManifestFile:"Debug\Train City.exe.intermediate.manifest" /MANIFESTUAC:"level='asInvoker' uiAccess='false'" /DEBUG /PDB:"C:\Users\Michal\Documents\GitHub\Train-City\Debug\Train City.pdb" /SUBSYSTEM:WINDOWS /TLBID:1 /DYNAMICBASE /NXCOMPAT /IMPLIB:"C:\Users\Michal\Documents\GitHub\Train-City\Debug\Train City.lib" /MACHINE:X86 Debug\BasicInfo.obj
         Debug\Button.obj
         Debug\City.obj
         Debug\CityInfo.obj
         Debug\Delay.obj
         Debug\GameError.obj
         Debug\GameObject.obj
         Debug\GraphicDevice.obj
         Debug\Interface.obj
         Debug\main.obj
         Debug\Map.obj
         Debug\MapElement.obj
         Debug\Mouse.obj
         Debug\Player.obj
         Debug\Product.obj
         Debug\ProductsManager.obj
         Debug\stdafx.obj
         Debug\Textures.obj
         Debug\Time.obj
         Debug\Vector2.obj
         Train City.vcxproj -> C:\Users\Michal\Documents\GitHub\Train-City\Debug\Train City.exe
       Manifest:
         C:\Program Files (x86)\Microsoft SDKs\Windows\v7.0A\bin\mt.exe /nologo /verbose /outputresource:"C:\Users\Michal\Documents\GitHub\Train-City\Debug\Train City.exe;#1" /manifest "Debug\Train City.exe.intermediate.manifest"
     1>Done Building Project "C:\Users\Michal\Documents\GitHub\Train-City\Train City\Train City.vcxproj" (Build target(s)).

Build succeeded.

Time Elapsed 00:00:18.33
